<?xml version="1.0" encoding="UTF-8"?>
<!-- Generated by org.testng.reporters.JUnitReportReporter -->
<testsuite hostname="st-Precision-3530" failures="0" tests="2" name="com.tcartSite.Demo" time="25.415" errors="0" timestamp="2023-09-07T14:59:38 IST" skipped="0">
  <testcase classname="com.tcartSite.Demo" name="BrowserLaunch" time="1.508"/>
  <testcase classname="com.tcartSite.Demo" name="student" time="23.907"/>
</testsuite> <!-- com.tcartSite.Demo -->
