<?xml version="1.0" encoding="UTF-8"?>
<!-- Generated by org.testng.reporters.JUnitReportReporter -->
<testsuite hostname="st-Precision-3530" failures="0" tests="2" name="com.tcartSite.Dish" time="37.030" errors="0" timestamp="2023-09-06T16:51:04 IST" skipped="0">
  <testcase classname="com.tcartSite.Dish" name="browserLaunch" time="1.461"/>
  <testcase classname="com.tcartSite.Dish" name="Dishes" time="35.569"/>
</testsuite> <!-- com.tcartSite.Dish -->
