<?xml version="1.0" encoding="UTF-8"?>
<!-- Generated by org.testng.reporters.JUnitReportReporter -->
<testsuite hostname="st-Precision-3530" failures="0" tests="4" name="com.tcartSite.Task" time="41.261" errors="0" timestamp="2023-09-07T17:29:28 IST" skipped="0">
  <testcase classname="com.tcartSite.Task" name="gst" time="12.225"/>
  <testcase classname="com.tcartSite.Task" name="salesReport" time="19.151"/>
  <testcase classname="com.tcartSite.Task" name="BrowserLaunch" time="1.736"/>
  <testcase classname="com.tcartSite.Task" name="gstReport" time="8.149"/>
</testsuite> <!-- com.tcartSite.Task -->
