<?xml version="1.0" encoding="UTF-8"?>
<!-- Generated by org.testng.reporters.JUnitReportReporter -->
<testsuite hostname="st-Precision-3530" failures="0" tests="1" name="com.tcartSite.Date" time="7.922" errors="0" timestamp="2023-09-06T19:06:20 IST" skipped="0">
  <testcase classname="com.tcartSite.Date" name="BrowserLaunch" time="7.922"/>
</testsuite> <!-- com.tcartSite.Date -->
